<?xml version="1.0" encoding="UTF-8"?>
<!-- Generated by org.testng.reporters.JUnitXMLReporter -->
<testsuite ignored="0" hostname="DESKTOP-QCE5FCV" failures="1" tests="4" name="Login_Test" time="16.572" errors="0" timestamp="2026-01-07T22:37:51 IST">
  <testcase classname="com.INT.assignment.tests.LoginTest" name="loginTest" time="0.716"/>
  <testcase classname="com.INT.assignment.tests.LoginTest" name="loginTest" time="0.578"/>
  <testcase classname="com.INT.assignment.tests.LoginTest" name="loginTest" time="0.491"/>
  <testcase classname="com.INT.assignment.tests.LoginTest" name="loginTest" time="0.773">
    <failure type="java.lang.AssertionError" message="expected [false] but found [true]">
      <![CDATA[java.lang.AssertionError: expected [false] but found [true]
at com.INT.assignment.tests.LoginTest.loginTest(LoginTest.java:40)
at java.base/java.util.ArrayList.forEach(ArrayList.java:1511)
... Removed 35 stack frames]]>
    </failure>
  </testcase> <!-- loginTest -->
</testsuite> <!-- Login_Test -->
