<?xml version="1.0" encoding="UTF-8"?>
<!-- Generated by org.testng.reporters.JUnitXMLReporter -->
<testsuite ignored="2" hostname="DESKTOP-QCE5FCV" failures="0" tests="1" name="Test" time="1.063" errors="0" timestamp="2026-01-07T15:22:49 IST">
  <testcase classname="com.INT.assignment.base.BaseTest" name="@BeforeSuite startReport" time="0.014">
    <failure type="java.lang.Error" message="Unresolved compilation problems: 
	ExtentSparkReporter cannot be resolved to a type
	ExtentSparkReporter cannot be resolved to a type
	ExtentReports cannot be resolved to a type
	ExtentReports cannot be resolved to a type
	ExtentReports cannot be resolved to a type
">
      <![CDATA[java.lang.Error: Unresolved compilation problems: 
ExtentSparkReporter cannot be resolved to a type
ExtentSparkReporter cannot be resolved to a type
ExtentReports cannot be resolved to a type
ExtentReports cannot be resolved to a type
ExtentReports cannot be resolved to a type

at com.INT.assignment.utilt.ReportManager.initReport(ReportManager.java:11)
at com.INT.assignment.base.BaseTest.startReport(BaseTest.java:18)
... Removed 19 stack frames]]>
    </failure>
  </testcase> <!-- @BeforeSuite startReport -->
  <testcase classname="com.INT.assignment.tests.LoginTest" name="loginTest" time="0.0">
    <skipped/>
  </testcase> <!-- loginTest -->
  <testcase classname="com.INT.assignment.base.BaseTest" name="@AfterSuite endReport" time="0.0">
    <ignored/>
  </testcase> <!-- @AfterSuite endReport -->
  <testcase classname="com.INT.assignment.base.BaseTest" name="@BeforeSuite startReport" time="0.0">
    <ignored/>
  </testcase> <!-- @BeforeSuite startReport -->
</testsuite> <!-- Test -->
